
2025/02/05 (13:13:33) | ===> btop++ v.1.4.0
2025/02/05 (13:13:33) | ERROR: No UTF-8 locale detected!
Use --utf-force argument to force start if you're sure your terminal can handle it.

2025/02/05 (13:17:19) | ===> btop++ v.1.4.0
2025/02/05 (13:17:19) | ERROR: No UTF-8 locale detected!
Use --utf-force argument to force start if you're sure your terminal can handle it.

2025/02/05 (13:21:09) | ===> btop++ v.1.4.0
2025/02/05 (13:21:09) | WARNING: No UTF-8 locale detected! Forcing start with --utf-force argument.
2025/02/05 (13:21:09) | WARNING: NVML: Failed to get maximum GPU power draw, defaulting to 225W: Not Supported
2025/02/05 (13:21:09) | WARNING: Intel GPU: Failed to initialize PMU

2025/02/05 (14:18:07) | ===> btop++ v.1.4.0
2025/02/05 (14:18:07) | ERROR: No UTF-8 locale detected!
Use --utf-force argument to force start if you're sure your terminal can handle it.

2025/02/05 (14:18:35) | ===> btop++ v.1.4.0
2025/02/05 (14:18:35) | ERROR: No UTF-8 locale detected!
Use --utf-force argument to force start if you're sure your terminal can handle it.

2025/02/05 (14:19:36) | ===> btop++ v.1.4.0
2025/02/05 (14:19:36) | ERROR: No UTF-8 locale detected!
Use --utf-force argument to force start if you're sure your terminal can handle it.

2025/02/05 (14:19:48) | ===> btop++ v.1.4.0
2025/02/05 (14:19:48) | ERROR: No UTF-8 locale detected!
Use --utf-force argument to force start if you're sure your terminal can handle it.

2025/02/05 (14:22:27) | ===> btop++ v.1.4.0
2025/02/05 (14:22:27) | ERROR: No UTF-8 locale detected!
Use --utf-force argument to force start if you're sure your terminal can handle it.

2025/02/05 (14:24:49) | ===> btop++ v.1.4.0
2025/02/05 (14:24:49) | ERROR: No UTF-8 locale detected!
Use --utf-force argument to force start if you're sure your terminal can handle it.

2025/02/05 (14:25:27) | ===> btop++ v.1.4.0
2025/02/05 (14:25:27) | ERROR: No UTF-8 locale detected!
Use --utf-force argument to force start if you're sure your terminal can handle it.

2025/02/05 (14:26:53) | ===> btop++ v.1.4.0
2025/02/05 (14:26:53) | WARNING: NVML: Failed to get maximum GPU power draw, defaulting to 225W: Not Supported
2025/02/05 (14:26:53) | WARNING: Intel GPU: Failed to initialize PMU

2025/02/05 (14:27:15) | ===> btop++ v.1.4.0
2025/02/05 (14:27:15) | ERROR: No UTF-8 locale detected!
Use --utf-force argument to force start if you're sure your terminal can handle it.

2025/02/05 (14:28:36) | ===> btop++ v.1.4.0
2025/02/05 (14:28:36) | ERROR: No UTF-8 locale detected!
Use --utf-force argument to force start if you're sure your terminal can handle it.

2025/02/05 (14:30:33) | ===> btop++ v.1.4.0
2025/02/05 (14:30:33) | ERROR: No UTF-8 locale detected!
Use --utf-force argument to force start if you're sure your terminal can handle it.

2025/02/05 (14:30:50) | ===> btop++ v.1.4.0
2025/02/05 (14:30:50) | WARNING: NVML: Failed to get maximum GPU power draw, defaulting to 225W: Not Supported
2025/02/05 (14:30:50) | WARNING: Intel GPU: Failed to initialize PMU

2025/02/05 (14:31:54) | ===> btop++ v.1.4.0
2025/02/05 (14:31:54) | ERROR: No UTF-8 locale detected!
Use --utf-force argument to force start if you're sure your terminal can handle it.

2025/02/05 (14:32:02) | ===> btop++ v.1.4.0
2025/02/05 (14:32:02) | WARNING: NVML: Failed to get maximum GPU power draw, defaulting to 225W: Not Supported
2025/02/05 (14:32:02) | WARNING: Intel GPU: Failed to initialize PMU

2025/02/05 (14:38:47) | ===> btop++ v.1.4.0
2025/02/05 (14:38:47) | WARNING: NVML: Failed to get maximum GPU power draw, defaulting to 225W: Not Supported
2025/02/05 (14:38:47) | WARNING: Intel GPU: Failed to initialize PMU

2025/02/05 (14:48:53) | ===> btop++ v.1.4.0
2025/02/05 (14:48:53) | WARNING: NVML: Failed to get maximum GPU power draw, defaulting to 225W: Not Supported
2025/02/05 (14:48:53) | WARNING: Intel GPU: Failed to initialize PMU
2025/02/05 (14:51:01) | ERROR: Exception during Config::unlock() : unordered_map::at

2025/02/05 (14:51:06) | ===> btop++ v.1.4.0
2025/02/05 (14:51:06) | WARNING: NVML: Failed to get maximum GPU power draw, defaulting to 225W: Not Supported
2025/02/05 (14:51:06) | WARNING: Intel GPU: Failed to initialize PMU

2025/02/05 (14:51:41) | ===> btop++ v.1.4.0
2025/02/05 (14:51:41) | WARNING: NVML: Failed to get maximum GPU power draw, defaulting to 225W: Not Supported
2025/02/05 (14:51:41) | WARNING: Intel GPU: Failed to initialize PMU

2025/02/05 (15:20:02) | ===> btop++ v.1.4.0
2025/02/05 (15:20:02) | WARNING: NVML: Failed to get maximum GPU power draw, defaulting to 225W: Not Supported
2025/02/05 (15:20:02) | WARNING: Intel GPU: Failed to initialize PMU

2025/02/05 (15:21:04) | ===> btop++ v.1.4.0
2025/02/05 (15:21:04) | WARNING: NVML: Failed to get maximum GPU power draw, defaulting to 225W: Not Supported
2025/02/05 (15:21:04) | WARNING: Intel GPU: Failed to initialize PMU

2025/02/05 (16:00:41) | ===> btop++ v.1.4.0
2025/02/05 (16:00:41) | WARNING: NVML: Failed to get maximum GPU power draw, defaulting to 225W: Not Supported
2025/02/05 (16:00:41) | WARNING: Intel GPU: Failed to initialize PMU

2025/02/11 (21:30:05) | ===> btop++ v.1.4.0
2025/02/11 (21:30:05) | WARNING: NVML: Failed to get maximum GPU power draw, defaulting to 225W: Not Supported
2025/02/11 (21:30:05) | WARNING: Intel GPU: Failed to initialize PMU

2025/02/11 (22:25:16) | ===> btop++ v.1.4.0
2025/02/11 (22:25:16) | WARNING: NVML: Failed to get maximum GPU power draw, defaulting to 225W: Not Supported
2025/02/11 (22:25:16) | WARNING: Intel GPU: Failed to initialize PMU

2025/02/11 (22:31:26) | ===> btop++ v.1.4.0
2025/02/11 (22:31:26) | WARNING: NVML: Failed to get maximum GPU power draw, defaulting to 225W: Not Supported
2025/02/11 (22:31:26) | WARNING: Intel GPU: Failed to initialize PMU

2025/02/11 (22:34:45) | ===> btop++ v.1.4.0
2025/02/11 (22:34:45) | WARNING: NVML: Failed to get maximum GPU power draw, defaulting to 225W: Not Supported
2025/02/11 (22:34:45) | WARNING: Intel GPU: Failed to initialize PMU

2025/02/11 (23:16:56) | ===> btop++ v.1.4.0
2025/02/11 (23:16:56) | WARNING: NVML: Failed to get maximum GPU power draw, defaulting to 225W: Not Supported
2025/02/11 (23:16:56) | WARNING: Intel GPU: Failed to initialize PMU

2025/02/12 (00:22:49) | ===> btop++ v.1.4.0
2025/02/12 (00:22:49) | WARNING: NVML: Failed to get maximum GPU power draw, defaulting to 225W: Not Supported
2025/02/12 (00:22:49) | WARNING: Intel GPU: Failed to initialize PMU

2025/02/12 (00:28:32) | ===> btop++ v.1.4.0
2025/02/12 (00:28:32) | WARNING: NVML: Failed to get maximum GPU power draw, defaulting to 225W: Not Supported
2025/02/12 (00:28:32) | WARNING: Intel GPU: Failed to initialize PMU

2025/02/12 (12:40:55) | ===> btop++ v.1.4.0
2025/02/12 (12:40:55) | WARNING: NVML: Failed to get maximum GPU power draw, defaulting to 225W: Not Supported
2025/02/12 (12:40:55) | WARNING: Intel GPU: Failed to initialize PMU

2025/02/12 (15:12:04) | ===> btop++ v.1.4.0
2025/02/12 (15:12:04) | WARNING: NVML: Failed to get maximum GPU power draw, defaulting to 225W: Not Supported
2025/02/12 (15:12:04) | WARNING: Intel GPU: Failed to initialize PMU

2025/02/13 (23:59:39) | ===> btop++ v.1.4.0
2025/02/13 (23:59:39) | ERROR: No UTF-8 locale detected!
Use --utf-force argument to force start if you're sure your terminal can handle it.

2025/02/13 (23:59:45) | ===> btop++ v.1.4.0
2025/02/13 (23:59:45) | ERROR: No UTF-8 locale detected!
Use --utf-force argument to force start if you're sure your terminal can handle it.

2025/02/14 (00:00:08) | ===> btop++ v.1.4.0
2025/02/14 (00:00:08) | ERROR: No UTF-8 locale detected!
Use --utf-force argument to force start if you're sure your terminal can handle it.

2025/02/14 (00:00:52) | ===> btop++ v.1.4.0
2025/02/14 (00:00:52) | ERROR: Couldn't determine terminal size of "STDOUT_FILENO"!
2025/02/14 (00:00:52) | ERROR: Couldn't determine terminal size of "STDOUT_FILENO"!
2025/02/14 (00:00:52) | ERROR: Couldn't determine terminal size of "STDOUT_FILENO"!
2025/02/14 (00:00:52) | WARNING: NVML: Failed to get maximum GPU power draw, defaulting to 225W: Not Supported
2025/02/14 (00:00:52) | WARNING: Intel GPU: Failed to initialize PMU
2025/02/14 (00:00:52) | ERROR: Couldn't determine terminal size of "STDOUT_FILENO"!
2025/02/14 (00:00:52) | ERROR: Couldn't determine terminal size of "STDOUT_FILENO"!
2025/02/14 (00:00:53) | ERROR: Couldn't determine terminal size of "STDOUT_FILENO"!
2025/02/14 (00:00:53) | ERROR: Couldn't determine terminal size of "STDOUT_FILENO"!
2025/02/14 (00:00:53) | ERROR: Couldn't determine terminal size of "STDOUT_FILENO"!
2025/02/14 (00:00:53) | ERROR: Couldn't determine terminal size of "STDOUT_FILENO"!
2025/02/14 (00:00:53) | ERROR: Couldn't determine terminal size of "STDOUT_FILENO"!
2025/02/14 (00:00:53) | ERROR: Couldn't determine terminal size of "STDOUT_FILENO"!
2025/02/14 (00:00:53) | ERROR: Couldn't determine terminal size of "STDOUT_FILENO"!
2025/02/14 (00:00:53) | ERROR: Couldn't determine terminal size of "STDOUT_FILENO"!
2025/02/14 (00:00:53) | ERROR: Couldn't determine terminal size of "STDOUT_FILENO"!
2025/02/14 (00:00:53) | ERROR: Couldn't determine terminal size of "STDOUT_FILENO"!
2025/02/14 (00:00:53) | ERROR: Couldn't determine terminal size of "STDOUT_FILENO"!
2025/02/14 (00:00:53) | ERROR: Couldn't determine terminal size of "STDOUT_FILENO"!
2025/02/14 (00:00:53) | ERROR: Couldn't determine terminal size of "STDOUT_FILENO"!
2025/02/14 (00:00:53) | ERROR: Couldn't determine terminal size of "STDOUT_FILENO"!
2025/02/14 (00:00:53) | ERROR: Couldn't determine terminal size of "STDOUT_FILENO"!
2025/02/14 (00:00:53) | ERROR: Couldn't determine terminal size of "STDOUT_FILENO"!
2025/02/14 (00:00:53) | ERROR: Couldn't determine terminal size of "STDOUT_FILENO"!
2025/02/14 (00:00:53) | ERROR: Couldn't determine terminal size of "STDOUT_FILENO"!
2025/02/14 (00:00:53) | ERROR: Couldn't determine terminal size of "STDOUT_FILENO"!
2025/02/14 (00:00:53) | ERROR: Couldn't determine terminal size of "STDOUT_FILENO"!
2025/02/14 (00:00:53) | ERROR: Couldn't determine terminal size of "STDOUT_FILENO"!
2025/02/14 (00:00:53) | ERROR: Couldn't determine terminal size of "STDOUT_FILENO"!
2025/02/14 (00:00:53) | ERROR: Couldn't determine terminal size of "STDOUT_FILENO"!
2025/02/14 (00:00:53) | ERROR: Couldn't determine terminal size of "STDOUT_FILENO"!
2025/02/14 (00:00:53) | ERROR: Couldn't determine terminal size of "STDOUT_FILENO"!
2025/02/14 (00:00:53) | ERROR: Couldn't determine terminal size of "STDOUT_FILENO"!
2025/02/14 (00:00:53) | ERROR: Couldn't determine terminal size of "STDOUT_FILENO"!
2025/02/14 (00:00:53) | ERROR: Couldn't determine terminal size of "STDOUT_FILENO"!
2025/02/14 (00:00:53) | ERROR: Couldn't determine terminal size of "STDOUT_FILENO"!
2025/02/14 (00:00:53) | ERROR: Couldn't determine terminal size of "STDOUT_FILENO"!
2025/02/14 (00:00:53) | ERROR: Couldn't determine terminal size of "STDOUT_FILENO"!
2025/02/14 (00:00:53) | ERROR: Couldn't determine terminal size of "STDOUT_FILENO"!
2025/02/14 (00:00:53) | ERROR: Couldn't determine terminal size of "STDOUT_FILENO"!
2025/02/14 (00:00:53) | ERROR: Couldn't determine terminal size of "STDOUT_FILENO"!
2025/02/14 (00:00:53) | ERROR: Couldn't determine terminal size of "STDOUT_FILENO"!
2025/02/14 (00:00:53) | ERROR: Couldn't determine terminal size of "STDOUT_FILENO"!
2025/02/14 (00:00:53) | ERROR: Couldn't determine terminal size of "STDOUT_FILENO"!
2025/02/14 (00:00:53) | ERROR: Couldn't determine terminal size of "STDOUT_FILENO"!
2025/02/14 (00:00:53) | ERROR: Couldn't determine terminal size of "STDOUT_FILENO"!
2025/02/14 (00:00:53) | ERROR: Couldn't determine terminal size of "STDOUT_FILENO"!
2025/02/14 (00:00:53) | ERROR: Couldn't determine terminal size of "STDOUT_FILENO"!
2025/02/14 (00:00:53) | ERROR: Couldn't determine terminal size of "STDOUT_FILENO"!
2025/02/14 (00:00:53) | ERROR: Couldn't determine terminal size of "STDOUT_FILENO"!
2025/02/14 (00:00:53) | ERROR: Couldn't determine terminal size of "STDOUT_FILENO"!
2025/02/14 (00:00:53) | ERROR: Couldn't determine terminal size of "STDOUT_FILENO"!
2025/02/14 (00:00:53) | ERROR: Couldn't determine terminal size of "STDOUT_FILENO"!
2025/02/14 (00:00:53) | ERROR: Couldn't determine terminal size of "STDOUT_FILENO"!
2025/02/14 (00:00:53) | ERROR: Couldn't determine terminal size of "STDOUT_FILENO"!
2025/02/14 (00:00:53) | ERROR: Couldn't determine terminal size of "STDOUT_FILENO"!
2025/02/14 (00:00:53) | ERROR: Couldn't determine terminal size of "STDOUT_FILENO"!
2025/02/14 (00:00:53) | ERROR: Couldn't determine terminal size of "STDOUT_FILENO"!
2025/02/14 (00:00:53) | ERROR: Couldn't determine terminal size of "STDOUT_FILENO"!
2025/02/14 (00:00:53) | ERROR: Couldn't determine terminal size of "STDOUT_FILENO"!
2025/02/14 (00:00:53) | ERROR: Couldn't determine terminal size of "STDOUT_FILENO"!
2025/02/14 (00:00:53) | ERROR: Couldn't determine terminal size of "STDOUT_FILENO"!
2025/02/14 (00:00:53) | ERROR: Couldn't determine terminal size of "STDOUT_FILENO"!
2025/02/14 (00:00:53) | ERROR: Couldn't determine terminal size of "STDOUT_FILENO"!
2025/02/14 (00:00:53) | ERROR: Couldn't determine terminal size of "STDOUT_FILENO"!
2025/02/14 (00:00:53) | ERROR: Couldn't determine terminal size of "STDOUT_FILENO"!
2025/02/14 (00:00:53) | ERROR: Couldn't determine terminal size of "STDOUT_FILENO"!
2025/02/14 (00:00:53) | ERROR: Couldn't determine terminal size of "STDOUT_FILENO"!
2025/02/14 (00:00:53) | ERROR: Couldn't determine terminal size of "STDOUT_FILENO"!
2025/02/14 (00:00:53) | ERROR: Couldn't determine terminal size of "STDOUT_FILENO"!
2025/02/14 (00:00:53) | ERROR: Couldn't determine terminal size of "STDOUT_FILENO"!
2025/02/14 (00:00:53) | ERROR: Couldn't determine terminal size of "STDOUT_FILENO"!
2025/02/14 (00:00:53) | ERROR: Couldn't determine terminal size of "STDOUT_FILENO"!
2025/02/14 (00:00:53) | ERROR: Couldn't determine terminal size of "STDOUT_FILENO"!
2025/02/14 (00:00:53) | ERROR: Couldn't determine terminal size of "STDOUT_FILENO"!
2025/02/14 (00:00:53) | ERROR: Couldn't determine terminal size of "STDOUT_FILENO"!
2025/02/14 (00:00:53) | ERROR: Couldn't determine terminal size of "STDOUT_FILENO"!
2025/02/14 (00:00:53) | ERROR: Couldn't determine terminal size of "STDOUT_FILENO"!
2025/02/14 (00:00:53) | ERROR: Couldn't determine terminal size of "STDOUT_FILENO"!
2025/02/14 (00:00:53) | ERROR: Couldn't determine terminal size of "STDOUT_FILENO"!
2025/02/14 (00:00:53) | ERROR: Couldn't determine terminal size of "STDOUT_FILENO"!
2025/02/14 (00:00:53) | ERROR: Couldn't determine terminal size of "STDOUT_FILENO"!
2025/02/14 (00:00:53) | ERROR: Couldn't determine terminal size of "STDOUT_FILENO"!
2025/02/14 (00:00:53) | ERROR: Couldn't determine terminal size of "STDOUT_FILENO"!
2025/02/14 (00:00:53) | ERROR: Couldn't determine terminal size of "STDOUT_FILENO"!
2025/02/14 (00:00:53) | ERROR: Couldn't determine terminal size of "STDOUT_FILENO"!
2025/02/14 (00:00:53) | ERROR: Couldn't determine terminal size of "STDOUT_FILENO"!
2025/02/14 (00:00:53) | ERROR: Couldn't determine terminal size of "STDOUT_FILENO"!
2025/02/14 (00:00:53) | ERROR: Couldn't determine terminal size of "STDOUT_FILENO"!
2025/02/14 (00:00:53) | ERROR: Couldn't determine terminal size of "STDOUT_FILENO"!
2025/02/14 (00:00:53) | ERROR: Couldn't determine terminal size of "STDOUT_FILENO"!
2025/02/14 (00:00:53) | ERROR: Couldn't determine terminal size of "STDOUT_FILENO"!
2025/02/14 (00:00:53) | ERROR: Couldn't determine terminal size of "STDOUT_FILENO"!
2025/02/14 (00:00:53) | ERROR: Couldn't determine terminal size of "STDOUT_FILENO"!
2025/02/14 (00:00:53) | ERROR: Couldn't determine terminal size of "STDOUT_FILENO"!
2025/02/14 (00:00:53) | ERROR: Couldn't determine terminal size of "STDOUT_FILENO"!
2025/02/14 (00:00:53) | ERROR: Couldn't determine terminal size of "STDOUT_FILENO"!
2025/02/14 (00:00:53) | ERROR: Couldn't determine terminal size of "STDOUT_FILENO"!
2025/02/14 (00:00:53) | ERROR: Couldn't determine terminal size of "STDOUT_FILENO"!
2025/02/14 (00:00:53) | ERROR: Couldn't determine terminal size of "STDOUT_FILENO"!
2025/02/14 (00:00:54) | ERROR: Couldn't determine terminal size of "STDOUT_FILENO"!
2025/02/14 (00:00:54) | ERROR: Couldn't determine terminal size of "STDOUT_FILENO"!
2025/02/14 (00:00:54) | ERROR: Couldn't determine terminal size of "STDOUT_FILENO"!
2025/02/14 (00:00:54) | ERROR: Couldn't determine terminal size of "STDOUT_FILENO"!
2025/02/14 (00:00:54) | ERROR: Couldn't determine terminal size of "STDOUT_FILENO"!
2025/02/14 (00:00:54) | ERROR: Couldn't determine terminal size of "STDOUT_FILENO"!
2025/02/14 (00:00:54) | ERROR: Couldn't determine terminal size of "STDOUT_FILENO"!
2025/02/14 (00:00:54) | ERROR: Couldn't determine terminal size of "STDOUT_FILENO"!
2025/02/14 (00:00:54) | ERROR: Couldn't determine terminal size of "STDOUT_FILENO"!
2025/02/14 (00:00:54) | ERROR: Couldn't determine terminal size of "STDOUT_FILENO"!
2025/02/14 (00:00:54) | ERROR: Couldn't determine terminal size of "STDOUT_FILENO"!
2025/02/14 (00:00:54) | ERROR: Couldn't determine terminal size of "STDOUT_FILENO"!
2025/02/14 (00:00:54) | ERROR: Couldn't determine terminal size of "STDOUT_FILENO"!
2025/02/14 (00:00:54) | ERROR: Couldn't determine terminal size of "STDOUT_FILENO"!
2025/02/14 (00:00:54) | ERROR: Couldn't determine terminal size of "STDOUT_FILENO"!
2025/02/14 (00:00:54) | ERROR: Couldn't determine terminal size of "STDOUT_FILENO"!
2025/02/14 (00:00:54) | ERROR: Couldn't determine terminal size of "STDOUT_FILENO"!
2025/02/14 (00:00:54) | ERROR: Couldn't determine terminal size of "STDOUT_FILENO"!
2025/02/14 (00:00:54) | ERROR: Couldn't determine terminal size of "STDOUT_FILENO"!
2025/02/14 (00:00:54) | ERROR: Couldn't determine terminal size of "STDOUT_FILENO"!
2025/02/14 (00:00:54) | ERROR: Couldn't determine terminal size of "STDOUT_FILENO"!
2025/02/14 (00:00:54) | ERROR: Couldn't determine terminal size of "STDOUT_FILENO"!
2025/02/14 (00:00:54) | ERROR: Couldn't determine terminal size of "STDOUT_FILENO"!
2025/02/14 (00:00:54) | ERROR: Couldn't determine terminal size of "STDOUT_FILENO"!
2025/02/14 (00:00:54) | ERROR: Couldn't determine terminal size of "STDOUT_FILENO"!
2025/02/14 (00:00:54) | ERROR: Couldn't determine terminal size of "STDOUT_FILENO"!
2025/02/14 (00:00:54) | ERROR: Couldn't determine terminal size of "STDOUT_FILENO"!
2025/02/14 (00:00:54) | ERROR: Couldn't determine terminal size of "STDOUT_FILENO"!
2025/02/14 (00:00:54) | ERROR: Couldn't determine terminal size of "STDOUT_FILENO"!
2025/02/14 (00:00:54) | ERROR: Couldn't determine terminal size of "STDOUT_FILENO"!
2025/02/14 (00:00:54) | ERROR: Couldn't determine terminal size of "STDOUT_FILENO"!
2025/02/14 (00:00:54) | ERROR: Couldn't determine terminal size of "STDOUT_FILENO"!
2025/02/14 (00:00:54) | ERROR: Couldn't determine terminal size of "STDOUT_FILENO"!
2025/02/14 (00:00:54) | ERROR: Couldn't determine terminal size of "STDOUT_FILENO"!
2025/02/14 (00:00:54) | ERROR: Couldn't determine terminal size of "STDOUT_FILENO"!
2025/02/14 (00:00:54) | ERROR: Couldn't determine terminal size of "STDOUT_FILENO"!
2025/02/14 (00:00:54) | ERROR: Couldn't determine terminal size of "STDOUT_FILENO"!
2025/02/14 (00:00:54) | ERROR: Couldn't determine terminal size of "STDOUT_FILENO"!
2025/02/14 (00:00:54) | ERROR: Couldn't determine terminal size of "STDOUT_FILENO"!
2025/02/14 (00:00:54) | ERROR: Couldn't determine terminal size of "STDOUT_FILENO"!
2025/02/14 (00:00:54) | ERROR: Couldn't determine terminal size of "STDOUT_FILENO"!
2025/02/14 (00:00:54) | ERROR: Couldn't determine terminal size of "STDOUT_FILENO"!
2025/02/14 (00:00:54) | ERROR: Couldn't determine terminal size of "STDOUT_FILENO"!
2025/02/14 (00:00:54) | ERROR: Couldn't determine terminal size of "STDOUT_FILENO"!
2025/02/14 (00:00:54) | ERROR: Couldn't determine terminal size of "STDOUT_FILENO"!
2025/02/14 (00:00:54) | ERROR: Couldn't determine terminal size of "STDOUT_FILENO"!
2025/02/14 (00:00:54) | ERROR: Couldn't determine terminal size of "STDOUT_FILENO"!
2025/02/14 (00:00:54) | ERROR: Couldn't determine terminal size of "STDOUT_FILENO"!
2025/02/14 (00:00:54) | ERROR: Couldn't determine terminal size of "STDOUT_FILENO"!
2025/02/14 (00:00:54) | ERROR: Couldn't determine terminal size of "STDOUT_FILENO"!
2025/02/14 (00:00:54) | ERROR: Couldn't determine terminal size of "STDOUT_FILENO"!
2025/02/14 (00:00:54) | ERROR: Couldn't determine terminal size of "STDOUT_FILENO"!
2025/02/14 (00:00:54) | ERROR: Couldn't determine terminal size of "STDOUT_FILENO"!
2025/02/14 (00:00:54) | ERROR: Couldn't determine terminal size of "STDOUT_FILENO"!
2025/02/14 (00:00:54) | ERROR: Couldn't determine terminal size of "STDOUT_FILENO"!
2025/02/14 (00:00:54) | ERROR: Couldn't determine terminal size of "STDOUT_FILENO"!
2025/02/14 (00:00:54) | ERROR: Couldn't determine terminal size of "STDOUT_FILENO"!
2025/02/14 (00:00:54) | ERROR: Couldn't determine terminal size of "STDOUT_FILENO"!
2025/02/14 (00:00:54) | ERROR: Couldn't determine terminal size of "STDOUT_FILENO"!
2025/02/14 (00:00:54) | ERROR: Couldn't determine terminal size of "STDOUT_FILENO"!
2025/02/14 (00:00:54) | ERROR: Couldn't determine terminal size of "STDOUT_FILENO"!
2025/02/14 (00:00:54) | ERROR: Couldn't determine terminal size of "STDOUT_FILENO"!
2025/02/14 (00:00:54) | ERROR: Couldn't determine terminal size of "STDOUT_FILENO"!
2025/02/14 (00:00:54) | ERROR: Couldn't determine terminal size of "STDOUT_FILENO"!
2025/02/14 (00:00:54) | ERROR: Couldn't determine terminal size of "STDOUT_FILENO"!
2025/02/14 (00:00:54) | ERROR: Couldn't determine terminal size of "STDOUT_FILENO"!
2025/02/14 (00:00:54) | ERROR: Couldn't determine terminal size of "STDOUT_FILENO"!
2025/02/14 (00:00:54) | ERROR: Couldn't determine terminal size of "STDOUT_FILENO"!
2025/02/14 (00:00:54) | ERROR: Couldn't determine terminal size of "STDOUT_FILENO"!
2025/02/14 (00:00:54) | ERROR: Couldn't determine terminal size of "STDOUT_FILENO"!
2025/02/14 (00:00:54) | ERROR: Couldn't determine terminal size of "STDOUT_FILENO"!
2025/02/14 (00:00:54) | ERROR: Couldn't determine terminal size of "STDOUT_FILENO"!
2025/02/14 (00:00:54) | ERROR: Couldn't determine terminal size of "STDOUT_FILENO"!
2025/02/14 (00:00:54) | ERROR: Couldn't determine terminal size of "STDOUT_FILENO"!
2025/02/14 (00:00:54) | ERROR: Couldn't determine terminal size of "STDOUT_FILENO"!
2025/02/14 (00:00:54) | ERROR: Couldn't determine terminal size of "STDOUT_FILENO"!
2025/02/14 (00:00:54) | ERROR: Couldn't determine terminal size of "STDOUT_FILENO"!
2025/02/14 (00:00:54) | ERROR: Couldn't determine terminal size of "STDOUT_FILENO"!
2025/02/14 (00:00:54) | ERROR: Couldn't determine terminal size of "STDOUT_FILENO"!
2025/02/14 (00:00:54) | ERROR: Couldn't determine terminal size of "STDOUT_FILENO"!
2025/02/14 (00:00:54) | ERROR: Couldn't determine terminal size of "STDOUT_FILENO"!
2025/02/14 (00:00:54) | ERROR: Couldn't determine terminal size of "STDOUT_FILENO"!
2025/02/14 (00:00:54) | ERROR: Couldn't determine terminal size of "STDOUT_FILENO"!
2025/02/14 (00:00:54) | ERROR: Couldn't determine terminal size of "STDOUT_FILENO"!
2025/02/14 (00:00:54) | ERROR: Couldn't determine terminal size of "STDOUT_FILENO"!
2025/02/14 (00:00:54) | ERROR: Couldn't determine terminal size of "STDOUT_FILENO"!
2025/02/14 (00:00:54) | ERROR: Couldn't determine terminal size of "STDOUT_FILENO"!
2025/02/14 (00:00:54) | ERROR: Couldn't determine terminal size of "STDOUT_FILENO"!
2025/02/14 (00:00:54) | ERROR: Couldn't determine terminal size of "STDOUT_FILENO"!
2025/02/14 (00:00:54) | ERROR: Couldn't determine terminal size of "STDOUT_FILENO"!
2025/02/14 (00:00:54) | ERROR: Couldn't determine terminal size of "STDOUT_FILENO"!
2025/02/14 (00:00:54) | ERROR: Couldn't determine terminal size of "STDOUT_FILENO"!
2025/02/14 (00:00:54) | ERROR: Couldn't determine terminal size of "STDOUT_FILENO"!
2025/02/14 (00:00:54) | ERROR: Couldn't determine terminal size of "STDOUT_FILENO"!
2025/02/14 (00:00:54) | ERROR: Couldn't determine terminal size of "STDOUT_FILENO"!
2025/02/14 (00:00:54) | ERROR: Couldn't determine terminal size of "STDOUT_FILENO"!
2025/02/14 (00:00:54) | ERROR: Couldn't determine terminal size of "STDOUT_FILENO"!
2025/02/14 (00:00:54) | ERROR: Couldn't determine terminal size of "STDOUT_FILENO"!
2025/02/14 (00:00:55) | ERROR: Couldn't determine terminal size of "STDOUT_FILENO"!
2025/02/14 (00:00:55) | ERROR: Couldn't determine terminal size of "STDOUT_FILENO"!
2025/02/14 (00:00:55) | ERROR: Couldn't determine terminal size of "STDOUT_FILENO"!
2025/02/14 (00:00:55) | ERROR: Couldn't determine terminal size of "STDOUT_FILENO"!
2025/02/14 (00:00:55) | ERROR: Couldn't determine terminal size of "STDOUT_FILENO"!
2025/02/14 (00:00:55) | ERROR: Couldn't determine terminal size of "STDOUT_FILENO"!
2025/02/14 (00:00:55) | ERROR: Couldn't determine terminal size of "STDOUT_FILENO"!
2025/02/14 (00:00:55) | ERROR: Couldn't determine terminal size of "STDOUT_FILENO"!
2025/02/14 (00:00:55) | ERROR: Couldn't determine terminal size of "STDOUT_FILENO"!
2025/02/14 (00:00:55) | ERROR: Couldn't determine terminal size of "STDOUT_FILENO"!
2025/02/14 (00:00:55) | ERROR: Couldn't determine terminal size of "STDOUT_FILENO"!
2025/02/14 (00:00:55) | ERROR: Couldn't determine terminal size of "STDOUT_FILENO"!
2025/02/14 (00:00:55) | ERROR: Couldn't determine terminal size of "STDOUT_FILENO"!
2025/02/14 (00:00:55) | ERROR: Couldn't determine terminal size of "STDOUT_FILENO"!
2025/02/14 (00:00:55) | ERROR: Couldn't determine terminal size of "STDOUT_FILENO"!
2025/02/14 (00:00:55) | ERROR: Couldn't determine terminal size of "STDOUT_FILENO"!
2025/02/14 (00:00:55) | ERROR: Couldn't determine terminal size of "STDOUT_FILENO"!
2025/02/14 (00:00:55) | ERROR: Couldn't determine terminal size of "STDOUT_FILENO"!
2025/02/14 (00:00:55) | ERROR: Couldn't determine terminal size of "STDOUT_FILENO"!
2025/02/14 (00:00:55) | ERROR: Couldn't determine terminal size of "STDOUT_FILENO"!
2025/02/14 (00:00:55) | ERROR: Couldn't determine terminal size of "STDOUT_FILENO"!
2025/02/14 (00:00:55) | ERROR: Couldn't determine terminal size of "STDOUT_FILENO"!
2025/02/14 (00:00:55) | ERROR: Couldn't determine terminal size of "STDOUT_FILENO"!
2025/02/14 (00:00:55) | ERROR: Couldn't determine terminal size of "STDOUT_FILENO"!
2025/02/14 (00:00:55) | ERROR: Couldn't determine terminal size of "STDOUT_FILENO"!
2025/02/14 (00:00:55) | ERROR: Couldn't determine terminal size of "STDOUT_FILENO"!
2025/02/14 (00:00:55) | ERROR: Couldn't determine terminal size of "STDOUT_FILENO"!
2025/02/14 (00:00:55) | ERROR: Couldn't determine terminal size of "STDOUT_FILENO"!
2025/02/14 (00:00:55) | ERROR: Couldn't determine terminal size of "STDOUT_FILENO"!
2025/02/14 (00:00:55) | ERROR: Couldn't determine terminal size of "STDOUT_FILENO"!
2025/02/14 (00:00:55) | ERROR: Couldn't determine terminal size of "STDOUT_FILENO"!
2025/02/14 (00:00:55) | ERROR: Couldn't determine terminal size of "STDOUT_FILENO"!
2025/02/14 (00:00:55) | ERROR: Couldn't determine terminal size of "STDOUT_FILENO"!
2025/02/14 (00:00:55) | ERROR: Couldn't determine terminal size of "STDOUT_FILENO"!
2025/02/14 (00:00:55) | ERROR: Couldn't determine terminal size of "STDOUT_FILENO"!
2025/02/14 (00:00:55) | ERROR: Couldn't determine terminal size of "STDOUT_FILENO"!
2025/02/14 (00:00:55) | ERROR: Couldn't determine terminal size of "STDOUT_FILENO"!
2025/02/14 (00:00:55) | ERROR: Couldn't determine terminal size of "STDOUT_FILENO"!
2025/02/14 (00:00:55) | ERROR: Couldn't determine terminal size of "STDOUT_FILENO"!
2025/02/14 (00:00:55) | ERROR: Couldn't determine terminal size of "STDOUT_FILENO"!
2025/02/14 (00:00:55) | ERROR: Couldn't determine terminal size of "STDOUT_FILENO"!
2025/02/14 (00:00:55) | ERROR: Couldn't determine terminal size of "STDOUT_FILENO"!
2025/02/14 (00:00:55) | ERROR: Couldn't determine terminal size of "STDOUT_FILENO"!
2025/02/14 (00:00:55) | ERROR: Couldn't determine terminal size of "STDOUT_FILENO"!
2025/02/14 (00:00:55) | ERROR: Couldn't determine terminal size of "STDOUT_FILENO"!
2025/02/14 (00:00:55) | ERROR: Couldn't determine terminal size of "STDOUT_FILENO"!
2025/02/14 (00:00:55) | ERROR: Couldn't determine terminal size of "STDOUT_FILENO"!
2025/02/14 (00:00:55) | ERROR: Couldn't determine terminal size of "STDOUT_FILENO"!
2025/02/14 (00:00:55) | ERROR: Couldn't determine terminal size of "STDOUT_FILENO"!
2025/02/14 (00:00:55) | ERROR: Couldn't determine terminal size of "STDOUT_FILENO"!
2025/02/14 (00:00:55) | ERROR: Couldn't determine terminal size of "STDOUT_FILENO"!
2025/02/14 (00:00:55) | ERROR: Couldn't determine terminal size of "STDOUT_FILENO"!
2025/02/14 (00:00:55) | ERROR: Couldn't determine terminal size of "STDOUT_FILENO"!
2025/02/14 (00:00:55) | ERROR: Couldn't determine terminal size of "STDOUT_FILENO"!
2025/02/14 (00:00:55) | ERROR: Couldn't determine terminal size of "STDOUT_FILENO"!
2025/02/14 (00:00:55) | ERROR: Couldn't determine terminal size of "STDOUT_FILENO"!
2025/02/14 (00:00:55) | ERROR: Couldn't determine terminal size of "STDOUT_FILENO"!
2025/02/14 (00:00:55) | ERROR: Couldn't determine terminal size of "STDOUT_FILENO"!
2025/02/14 (00:00:55) | ERROR: Couldn't determine terminal size of "STDOUT_FILENO"!
2025/02/14 (00:00:55) | ERROR: Couldn't determine terminal size of "STDOUT_FILENO"!
2025/02/14 (00:00:55) | ERROR: Couldn't determine terminal size of "STDOUT_FILENO"!
2025/02/14 (00:00:55) | ERROR: Couldn't determine terminal size of "STDOUT_FILENO"!
2025/02/14 (00:00:55) | ERROR: Couldn't determine terminal size of "STDOUT_FILENO"!
2025/02/14 (00:00:55) | ERROR: Couldn't determine terminal size of "STDOUT_FILENO"!
2025/02/14 (00:00:55) | ERROR: Couldn't determine terminal size of "STDOUT_FILENO"!
2025/02/14 (00:00:55) | ERROR: Couldn't determine terminal size of "STDOUT_FILENO"!
2025/02/14 (00:00:55) | ERROR: Couldn't determine terminal size of "STDOUT_FILENO"!
2025/02/14 (00:00:55) | ERROR: Couldn't determine terminal size of "STDOUT_FILENO"!
2025/02/14 (00:00:55) | ERROR: Couldn't determine terminal size of "STDOUT_FILENO"!
2025/02/14 (00:00:55) | ERROR: Couldn't determine terminal size of "STDOUT_FILENO"!
2025/02/14 (00:00:55) | ERROR: Couldn't determine terminal size of "STDOUT_FILENO"!
2025/02/14 (00:00:55) | ERROR: Couldn't determine terminal size of "STDOUT_FILENO"!
2025/02/14 (00:00:55) | ERROR: Couldn't determine terminal size of "STDOUT_FILENO"!
2025/02/14 (00:00:55) | ERROR: Couldn't determine terminal size of "STDOUT_FILENO"!
2025/02/14 (00:00:55) | ERROR: Couldn't determine terminal size of "STDOUT_FILENO"!
2025/02/14 (00:00:55) | ERROR: Couldn't determine terminal size of "STDOUT_FILENO"!
2025/02/14 (00:00:55) | ERROR: Couldn't determine terminal size of "STDOUT_FILENO"!
2025/02/14 (00:00:55) | ERROR: Couldn't determine terminal size of "STDOUT_FILENO"!
2025/02/14 (00:00:55) | ERROR: Couldn't determine terminal size of "STDOUT_FILENO"!
2025/02/14 (00:00:55) | ERROR: Couldn't determine terminal size of "STDOUT_FILENO"!
2025/02/14 (00:00:55) | ERROR: Couldn't determine terminal size of "STDOUT_FILENO"!
2025/02/14 (00:00:55) | ERROR: Couldn't determine terminal size of "STDOUT_FILENO"!
2025/02/14 (00:00:55) | ERROR: Couldn't determine terminal size of "STDOUT_FILENO"!
2025/02/14 (00:00:55) | ERROR: Couldn't determine terminal size of "STDOUT_FILENO"!
2025/02/14 (00:00:55) | ERROR: Couldn't determine terminal size of "STDOUT_FILENO"!
2025/02/14 (00:00:55) | ERROR: Couldn't determine terminal size of "STDOUT_FILENO"!
2025/02/14 (00:00:55) | ERROR: Couldn't determine terminal size of "STDOUT_FILENO"!
2025/02/14 (00:00:55) | ERROR: Couldn't determine terminal size of "STDOUT_FILENO"!
2025/02/14 (00:00:55) | ERROR: Couldn't determine terminal size of "STDOUT_FILENO"!
2025/02/14 (00:00:55) | ERROR: Couldn't determine terminal size of "STDOUT_FILENO"!
2025/02/14 (00:00:56) | ERROR: Couldn't determine terminal size of "STDOUT_FILENO"!
2025/02/14 (00:00:56) | ERROR: Couldn't determine terminal size of "STDOUT_FILENO"!
2025/02/14 (00:00:56) | ERROR: Couldn't determine terminal size of "STDOUT_FILENO"!
2025/02/14 (00:00:56) | ERROR: Couldn't determine terminal size of "STDOUT_FILENO"!
2025/02/14 (00:00:56) | ERROR: Couldn't determine terminal size of "STDOUT_FILENO"!
2025/02/14 (00:00:56) | ERROR: Couldn't determine terminal size of "STDOUT_FILENO"!
2025/02/14 (00:00:56) | ERROR: Couldn't determine terminal size of "STDOUT_FILENO"!
2025/02/14 (00:00:56) | ERROR: Couldn't determine terminal size of "STDOUT_FILENO"!
2025/02/14 (00:00:56) | ERROR: Couldn't determine terminal size of "STDOUT_FILENO"!
2025/02/14 (00:00:56) | ERROR: Couldn't determine terminal size of "STDOUT_FILENO"!
2025/02/14 (00:00:56) | ERROR: Couldn't determine terminal size of "STDOUT_FILENO"!
2025/02/14 (00:00:56) | ERROR: Couldn't determine terminal size of "STDOUT_FILENO"!
2025/02/14 (00:00:56) | ERROR: Couldn't determine terminal size of "STDOUT_FILENO"!
2025/02/14 (00:00:56) | ERROR: Couldn't determine terminal size of "STDOUT_FILENO"!
2025/02/14 (00:00:56) | ERROR: Couldn't determine terminal size of "STDOUT_FILENO"!
2025/02/14 (00:00:56) | ERROR: Couldn't determine terminal size of "STDOUT_FILENO"!
2025/02/14 (00:00:56) | ERROR: Couldn't determine terminal size of "STDOUT_FILENO"!
2025/02/14 (00:00:56) | ERROR: Couldn't determine terminal size of "STDOUT_FILENO"!
2025/02/14 (00:00:56) | ERROR: Couldn't determine terminal size of "STDOUT_FILENO"!
2025/02/14 (00:00:56) | ERROR: Couldn't determine terminal size of "STDOUT_FILENO"!
2025/02/14 (00:00:56) | ERROR: Couldn't determine terminal size of "STDOUT_FILENO"!
2025/02/14 (00:00:56) | ERROR: Couldn't determine terminal size of "STDOUT_FILENO"!
2025/02/14 (00:00:56) | ERROR: Couldn't determine terminal size of "STDOUT_FILENO"!
2025/02/14 (00:00:56) | ERROR: Couldn't determine terminal size of "STDOUT_FILENO"!
2025/02/14 (00:00:56) | ERROR: Couldn't determine terminal size of "STDOUT_FILENO"!
2025/02/14 (00:00:56) | ERROR: Couldn't determine terminal size of "STDOUT_FILENO"!
2025/02/14 (00:00:56) | ERROR: Couldn't determine terminal size of "STDOUT_FILENO"!
2025/02/14 (00:00:56) | ERROR: Couldn't determine terminal size of "STDOUT_FILENO"!
2025/02/14 (00:00:56) | ERROR: Couldn't determine terminal size of "STDOUT_FILENO"!
2025/02/14 (00:00:56) | ERROR: Couldn't determine terminal size of "STDOUT_FILENO"!
2025/02/14 (00:00:56) | ERROR: Couldn't determine terminal size of "STDOUT_FILENO"!
2025/02/14 (00:00:56) | ERROR: Couldn't determine terminal size of "STDOUT_FILENO"!
2025/02/14 (00:00:56) | ERROR: Couldn't determine terminal size of "STDOUT_FILENO"!
2025/02/14 (00:00:56) | ERROR: Couldn't determine terminal size of "STDOUT_FILENO"!
2025/02/14 (00:00:56) | ERROR: Couldn't determine terminal size of "STDOUT_FILENO"!
2025/02/14 (00:00:56) | ERROR: Couldn't determine terminal size of "STDOUT_FILENO"!
2025/02/14 (00:00:56) | ERROR: Couldn't determine terminal size of "STDOUT_FILENO"!
2025/02/14 (00:00:56) | ERROR: Couldn't determine terminal size of "STDOUT_FILENO"!
2025/02/14 (00:00:56) | ERROR: Couldn't determine terminal size of "STDOUT_FILENO"!
2025/02/14 (00:00:56) | ERROR: Couldn't determine terminal size of "STDOUT_FILENO"!
2025/02/14 (00:00:56) | ERROR: Couldn't determine terminal size of "STDOUT_FILENO"!
2025/02/14 (00:00:56) | ERROR: Couldn't determine terminal size of "STDOUT_FILENO"!
2025/02/14 (00:00:56) | ERROR: Couldn't determine terminal size of "STDOUT_FILENO"!
2025/02/14 (00:00:56) | ERROR: Couldn't determine terminal size of "STDOUT_FILENO"!
2025/02/14 (00:00:56) | ERROR: Couldn't determine terminal size of "STDOUT_FILENO"!
2025/02/14 (00:00:56) | ERROR: Couldn't determine terminal size of "STDOUT_FILENO"!
2025/02/14 (00:00:56) | ERROR: Couldn't determine terminal size of "STDOUT_FILENO"!
2025/02/14 (00:00:56) | ERROR: Couldn't determine terminal size of "STDOUT_FILENO"!
2025/02/14 (00:00:56) | ERROR: Couldn't determine terminal size of "STDOUT_FILENO"!
2025/02/14 (00:00:56) | ERROR: Couldn't determine terminal size of "STDOUT_FILENO"!
2025/02/14 (00:00:56) | ERROR: Couldn't determine terminal size of "STDOUT_FILENO"!
2025/02/14 (00:00:56) | ERROR: Couldn't determine terminal size of "STDOUT_FILENO"!
2025/02/14 (00:00:56) | ERROR: Couldn't determine terminal size of "STDOUT_FILENO"!
2025/02/14 (00:00:56) | ERROR: Couldn't determine terminal size of "STDOUT_FILENO"!
2025/02/14 (00:00:56) | ERROR: Couldn't determine terminal size of "STDOUT_FILENO"!
2025/02/14 (00:00:56) | ERROR: Couldn't determine terminal size of "STDOUT_FILENO"!
2025/02/14 (00:00:56) | ERROR: Couldn't determine terminal size of "STDOUT_FILENO"!
2025/02/14 (00:00:56) | ERROR: Couldn't determine terminal size of "STDOUT_FILENO"!
2025/02/14 (00:00:56) | ERROR: Couldn't determine terminal size of "STDOUT_FILENO"!
2025/02/14 (00:00:56) | ERROR: Couldn't determine terminal size of "STDOUT_FILENO"!
2025/02/14 (00:00:56) | ERROR: Couldn't determine terminal size of "STDOUT_FILENO"!
2025/02/14 (00:00:56) | ERROR: Couldn't determine terminal size of "STDOUT_FILENO"!
2025/02/14 (00:00:56) | ERROR: Couldn't determine terminal size of "STDOUT_FILENO"!
2025/02/14 (00:00:56) | ERROR: Couldn't determine terminal size of "STDOUT_FILENO"!
2025/02/14 (00:00:56) | ERROR: Couldn't determine terminal size of "STDOUT_FILENO"!
2025/02/14 (00:00:56) | ERROR: Couldn't determine terminal size of "STDOUT_FILENO"!
2025/02/14 (00:00:56) | ERROR: Couldn't determine terminal size of "STDOUT_FILENO"!
2025/02/14 (00:00:56) | ERROR: Couldn't determine terminal size of "STDOUT_FILENO"!
2025/02/14 (00:00:56) | ERROR: Couldn't determine terminal size of "STDOUT_FILENO"!
2025/02/14 (00:00:56) | ERROR: Couldn't determine terminal size of "STDOUT_FILENO"!
2025/02/14 (00:00:56) | ERROR: Couldn't determine terminal size of "STDOUT_FILENO"!
2025/02/14 (00:00:56) | ERROR: Couldn't determine terminal size of "STDOUT_FILENO"!
2025/02/14 (00:00:56) | ERROR: Couldn't determine terminal size of "STDOUT_FILENO"!
2025/02/14 (00:00:56) | ERROR: Couldn't determine terminal size of "STDOUT_FILENO"!
2025/02/14 (00:00:56) | ERROR: Couldn't determine terminal size of "STDOUT_FILENO"!
2025/02/14 (00:00:56) | ERROR: Couldn't determine terminal size of "STDOUT_FILENO"!
2025/02/14 (00:00:56) | ERROR: Couldn't determine terminal size of "STDOUT_FILENO"!
2025/02/14 (00:00:56) | ERROR: Couldn't determine terminal size of "STDOUT_FILENO"!
2025/02/14 (00:00:56) | ERROR: Couldn't determine terminal size of "STDOUT_FILENO"!
2025/02/14 (00:00:56) | ERROR: Couldn't determine terminal size of "STDOUT_FILENO"!
2025/02/14 (00:00:56) | ERROR: Couldn't determine terminal size of "STDOUT_FILENO"!
2025/02/14 (00:00:56) | ERROR: Couldn't determine terminal size of "STDOUT_FILENO"!
2025/02/14 (00:00:56) | ERROR: Couldn't determine terminal size of "STDOUT_FILENO"!
2025/02/14 (00:00:56) | ERROR: Couldn't determine terminal size of "STDOUT_FILENO"!
2025/02/14 (00:00:56) | ERROR: Couldn't determine terminal size of "STDOUT_FILENO"!
2025/02/14 (00:00:56) | ERROR: Couldn't determine terminal size of "STDOUT_FILENO"!
2025/02/14 (00:00:57) | ERROR: Couldn't determine terminal size of "STDOUT_FILENO"!
2025/02/14 (00:00:57) | ERROR: Couldn't determine terminal size of "STDOUT_FILENO"!
2025/02/14 (00:00:58) | ERROR: Couldn't determine terminal size of "STDOUT_FILENO"!
2025/02/14 (00:00:58) | ERROR: Couldn't determine terminal size of "STDOUT_FILENO"!
2025/02/14 (00:00:59) | ERROR: Couldn't determine terminal size of "STDOUT_FILENO"!
2025/02/14 (00:00:59) | ERROR: Couldn't determine terminal size of "STDOUT_FILENO"!
2025/02/14 (00:01:00) | ERROR: Couldn't determine terminal size of "STDOUT_FILENO"!
2025/02/14 (00:01:00) | ERROR: Couldn't determine terminal size of "STDOUT_FILENO"!
2025/02/14 (00:01:01) | ERROR: Couldn't determine terminal size of "STDOUT_FILENO"!
2025/02/14 (00:01:01) | ERROR: Couldn't determine terminal size of "STDOUT_FILENO"!

2025/02/14 (00:01:03) | ===> btop++ v.1.4.0
2025/02/14 (00:01:03) | ERROR: Couldn't determine terminal size of "STDOUT_FILENO"!
2025/02/14 (00:01:03) | ERROR: Couldn't determine terminal size of "STDOUT_FILENO"!
2025/02/14 (00:01:03) | ERROR: Couldn't determine terminal size of "STDOUT_FILENO"!
2025/02/14 (00:01:03) | WARNING: NVML: Failed to get maximum GPU power draw, defaulting to 225W: Not Supported
2025/02/14 (00:01:03) | WARNING: Intel GPU: Failed to initialize PMU
2025/02/14 (00:01:03) | ERROR: Couldn't determine terminal size of "STDOUT_FILENO"!
2025/02/14 (00:01:03) | ERROR: Couldn't determine terminal size of "STDOUT_FILENO"!
2025/02/14 (00:01:03) | ERROR: Couldn't determine terminal size of "STDOUT_FILENO"!
2025/02/14 (00:01:04) | ERROR: Couldn't determine terminal size of "STDOUT_FILENO"!
2025/02/14 (00:01:04) | ERROR: Couldn't determine terminal size of "STDOUT_FILENO"!
2025/02/14 (00:01:05) | ERROR: Couldn't determine terminal size of "STDOUT_FILENO"!
2025/02/14 (00:01:05) | ERROR: Couldn't determine terminal size of "STDOUT_FILENO"!
2025/02/14 (00:01:06) | ERROR: Couldn't determine terminal size of "STDOUT_FILENO"!
2025/02/14 (00:01:06) | ERROR: Couldn't determine terminal size of "STDOUT_FILENO"!
2025/02/14 (00:01:07) | ERROR: Couldn't determine terminal size of "STDOUT_FILENO"!
2025/02/14 (00:01:07) | ERROR: Couldn't determine terminal size of "STDOUT_FILENO"!
2025/02/14 (00:01:08) | ERROR: Couldn't determine terminal size of "STDOUT_FILENO"!
2025/02/14 (00:01:08) | ERROR: Couldn't determine terminal size of "STDOUT_FILENO"!
2025/02/14 (00:01:09) | ERROR: Couldn't determine terminal size of "STDOUT_FILENO"!
2025/02/14 (00:01:09) | ERROR: Couldn't determine terminal size of "STDOUT_FILENO"!
2025/02/14 (00:01:10) | ERROR: Couldn't determine terminal size of "STDOUT_FILENO"!
2025/02/14 (00:01:10) | ERROR: Couldn't determine terminal size of "STDOUT_FILENO"!
2025/02/14 (00:01:11) | ERROR: Couldn't determine terminal size of "STDOUT_FILENO"!
2025/02/14 (00:01:11) | ERROR: Couldn't determine terminal size of "STDOUT_FILENO"!

2025/02/19 (10:09:49) | ===> btop++ v.1.4.0
2025/02/19 (10:09:49) | ERROR: Couldn't determine terminal size of "STDOUT_FILENO"!
2025/02/19 (10:09:49) | ERROR: Couldn't determine terminal size of "STDOUT_FILENO"!
2025/02/19 (10:09:49) | WARNING: NVML: Failed to get maximum GPU power draw, defaulting to 225W: Not Supported
2025/02/19 (10:09:49) | WARNING: Intel GPU: Failed to initialize PMU
2025/02/19 (10:09:49) | ERROR: Couldn't determine terminal size of "STDOUT_FILENO"!
2025/02/19 (10:09:49) | ERROR: Couldn't determine terminal size of "STDOUT_FILENO"!
2025/02/19 (10:09:49) | ERROR: Couldn't determine terminal size of "STDOUT_FILENO"!
2025/02/19 (10:09:49) | ERROR: Couldn't determine terminal size of "STDOUT_FILENO"!
2025/02/19 (10:09:50) | ERROR: Couldn't determine terminal size of "STDOUT_FILENO"!
2025/02/19 (10:09:50) | ERROR: Couldn't determine terminal size of "STDOUT_FILENO"!
2025/02/19 (10:09:51) | ERROR: Couldn't determine terminal size of "STDOUT_FILENO"!
2025/02/19 (10:09:51) | ERROR: Couldn't determine terminal size of "STDOUT_FILENO"!
2025/02/19 (10:09:52) | ERROR: Couldn't determine terminal size of "STDOUT_FILENO"!
2025/02/19 (10:09:52) | ERROR: Couldn't determine terminal size of "STDOUT_FILENO"!
2025/02/19 (10:09:53) | ERROR: Couldn't determine terminal size of "STDOUT_FILENO"!
2025/02/19 (10:09:53) | ERROR: Couldn't determine terminal size of "STDOUT_FILENO"!
2025/02/19 (10:09:54) | ERROR: Couldn't determine terminal size of "STDOUT_FILENO"!
2025/02/19 (10:09:54) | ERROR: Couldn't determine terminal size of "STDOUT_FILENO"!
2025/02/19 (10:09:55) | ERROR: Couldn't determine terminal size of "STDOUT_FILENO"!
2025/02/19 (10:09:55) | ERROR: Couldn't determine terminal size of "STDOUT_FILENO"!
2025/02/19 (10:09:56) | ERROR: Couldn't determine terminal size of "STDOUT_FILENO"!
2025/02/19 (10:09:56) | ERROR: Couldn't determine terminal size of "STDOUT_FILENO"!
2025/02/19 (10:09:57) | ERROR: Couldn't determine terminal size of "STDOUT_FILENO"!
2025/02/19 (10:09:57) | ERROR: Couldn't determine terminal size of "STDOUT_FILENO"!
2025/02/19 (10:09:58) | ERROR: Couldn't determine terminal size of "STDOUT_FILENO"!
2025/02/19 (10:09:58) | ERROR: Couldn't determine terminal size of "STDOUT_FILENO"!
2025/02/19 (10:09:59) | ERROR: Couldn't determine terminal size of "STDOUT_FILENO"!
2025/02/19 (10:09:59) | ERROR: Couldn't determine terminal size of "STDOUT_FILENO"!
2025/02/19 (10:10:00) | ERROR: Couldn't determine terminal size of "STDOUT_FILENO"!
2025/02/19 (10:10:01) | ERROR: Couldn't determine terminal size of "STDOUT_FILENO"!
2025/02/19 (10:10:01) | ERROR: Couldn't determine terminal size of "STDOUT_FILENO"!
2025/02/19 (10:10:02) | ERROR: Couldn't determine terminal size of "STDOUT_FILENO"!
2025/02/19 (10:10:02) | ERROR: Couldn't determine terminal size of "STDOUT_FILENO"!
2025/02/19 (10:10:03) | ERROR: Couldn't determine terminal size of "STDOUT_FILENO"!
2025/02/19 (10:10:03) | ERROR: Couldn't determine terminal size of "STDOUT_FILENO"!
2025/02/19 (10:10:04) | ERROR: Couldn't determine terminal size of "STDOUT_FILENO"!
2025/02/19 (10:10:04) | ERROR: Couldn't determine terminal size of "STDOUT_FILENO"!
2025/02/19 (10:10:05) | ERROR: Couldn't determine terminal size of "STDOUT_FILENO"!
2025/02/19 (10:10:05) | ERROR: Couldn't determine terminal size of "STDOUT_FILENO"!
2025/02/19 (10:10:06) | ERROR: Couldn't determine terminal size of "STDOUT_FILENO"!
2025/02/19 (10:10:06) | ERROR: Couldn't determine terminal size of "STDOUT_FILENO"!
2025/02/19 (10:10:07) | ERROR: Couldn't determine terminal size of "STDOUT_FILENO"!
2025/02/19 (10:10:07) | ERROR: Couldn't determine terminal size of "STDOUT_FILENO"!
2025/02/19 (10:10:08) | ERROR: Couldn't determine terminal size of "STDOUT_FILENO"!
2025/02/19 (10:10:08) | ERROR: Couldn't determine terminal size of "STDOUT_FILENO"!
2025/02/19 (10:10:09) | ERROR: Couldn't determine terminal size of "STDOUT_FILENO"!
2025/02/19 (10:10:09) | ERROR: Couldn't determine terminal size of "STDOUT_FILENO"!
2025/02/19 (10:10:10) | ERROR: Couldn't determine terminal size of "STDOUT_FILENO"!
2025/02/19 (10:10:10) | ERROR: Couldn't determine terminal size of "STDOUT_FILENO"!
2025/02/19 (10:10:11) | ERROR: Couldn't determine terminal size of "STDOUT_FILENO"!
2025/02/19 (10:10:11) | ERROR: Couldn't determine terminal size of "STDOUT_FILENO"!
2025/02/19 (10:10:12) | ERROR: Couldn't determine terminal size of "STDOUT_FILENO"!
2025/02/19 (10:10:12) | ERROR: Couldn't determine terminal size of "STDOUT_FILENO"!

2025/02/19 (10:12:00) | ===> btop++ v.1.4.0
2025/02/19 (10:12:00) | ERROR: Couldn't determine terminal size of "STDOUT_FILENO"!
2025/02/19 (10:12:00) | ERROR: Couldn't determine terminal size of "STDOUT_FILENO"!
2025/02/19 (10:12:00) | WARNING: NVML: Failed to get maximum GPU power draw, defaulting to 225W: Not Supported
2025/02/19 (10:12:00) | WARNING: Intel GPU: Failed to initialize PMU
2025/02/19 (10:12:00) | ERROR: Couldn't determine terminal size of "STDOUT_FILENO"!
2025/02/19 (10:12:00) | ERROR: Couldn't determine terminal size of "STDOUT_FILENO"!
2025/02/19 (10:12:01) | ERROR: Couldn't determine terminal size of "STDOUT_FILENO"!
2025/02/19 (10:12:01) | ERROR: Couldn't determine terminal size of "STDOUT_FILENO"!
2025/02/19 (10:12:01) | ERROR: Couldn't determine terminal size of "STDOUT_FILENO"!
2025/02/19 (10:12:01) | ERROR: Couldn't determine terminal size of "STDOUT_FILENO"!
2025/02/19 (10:12:01) | ERROR: Couldn't determine terminal size of "STDOUT_FILENO"!
2025/02/19 (10:12:01) | ERROR: Couldn't determine terminal size of "STDOUT_FILENO"!
2025/02/19 (10:12:02) | ERROR: Couldn't determine terminal size of "STDOUT_FILENO"!
2025/02/19 (10:12:02) | ERROR: Couldn't determine terminal size of "STDOUT_FILENO"!
2025/02/19 (10:12:03) | ERROR: Couldn't determine terminal size of "STDOUT_FILENO"!
2025/02/19 (10:12:03) | ERROR: Couldn't determine terminal size of "STDOUT_FILENO"!
2025/02/19 (10:12:04) | ERROR: Couldn't determine terminal size of "STDOUT_FILENO"!
2025/02/19 (10:12:04) | ERROR: Couldn't determine terminal size of "STDOUT_FILENO"!
2025/02/19 (10:12:05) | ERROR: Couldn't determine terminal size of "STDOUT_FILENO"!
2025/02/19 (10:12:05) | ERROR: Couldn't determine terminal size of "STDOUT_FILENO"!
2025/02/19 (10:12:06) | ERROR: Couldn't determine terminal size of "STDOUT_FILENO"!
2025/02/19 (10:12:06) | ERROR: Couldn't determine terminal size of "STDOUT_FILENO"!
2025/02/19 (10:12:07) | ERROR: Couldn't determine terminal size of "STDOUT_FILENO"!
2025/02/19 (10:12:07) | ERROR: Couldn't determine terminal size of "STDOUT_FILENO"!
2025/02/19 (10:12:08) | ERROR: Couldn't determine terminal size of "STDOUT_FILENO"!
2025/02/19 (10:12:08) | ERROR: Couldn't determine terminal size of "STDOUT_FILENO"!
2025/02/19 (10:12:09) | ERROR: Couldn't determine terminal size of "STDOUT_FILENO"!
2025/02/19 (10:12:09) | ERROR: Couldn't determine terminal size of "STDOUT_FILENO"!
2025/02/19 (10:12:10) | ERROR: Couldn't determine terminal size of "STDOUT_FILENO"!
2025/02/19 (10:12:10) | ERROR: Couldn't determine terminal size of "STDOUT_FILENO"!
2025/02/19 (10:12:11) | ERROR: Couldn't determine terminal size of "STDOUT_FILENO"!
2025/02/19 (10:12:11) | ERROR: Couldn't determine terminal size of "STDOUT_FILENO"!
2025/02/19 (10:12:12) | ERROR: Couldn't determine terminal size of "STDOUT_FILENO"!
2025/02/19 (10:12:12) | ERROR: Couldn't determine terminal size of "STDOUT_FILENO"!
2025/02/19 (10:12:13) | ERROR: Couldn't determine terminal size of "STDOUT_FILENO"!
2025/02/19 (10:12:13) | ERROR: Couldn't determine terminal size of "STDOUT_FILENO"!
2025/02/19 (10:12:14) | ERROR: Couldn't determine terminal size of "STDOUT_FILENO"!
2025/02/19 (10:12:14) | ERROR: Couldn't determine terminal size of "STDOUT_FILENO"!
2025/02/19 (10:12:15) | ERROR: Couldn't determine terminal size of "STDOUT_FILENO"!
2025/02/19 (10:12:15) | ERROR: Couldn't determine terminal size of "STDOUT_FILENO"!
2025/02/19 (10:12:16) | ERROR: Couldn't determine terminal size of "STDOUT_FILENO"!
2025/02/19 (10:12:16) | ERROR: Couldn't determine terminal size of "STDOUT_FILENO"!
2025/02/19 (10:12:17) | ERROR: Couldn't determine terminal size of "STDOUT_FILENO"!
2025/02/19 (10:12:17) | ERROR: Couldn't determine terminal size of "STDOUT_FILENO"!
2025/02/19 (10:12:18) | ERROR: Couldn't determine terminal size of "STDOUT_FILENO"!
2025/02/19 (10:12:18) | ERROR: Couldn't determine terminal size of "STDOUT_FILENO"!
2025/02/19 (10:12:19) | ERROR: Couldn't determine terminal size of "STDOUT_FILENO"!
2025/02/19 (10:12:19) | ERROR: Couldn't determine terminal size of "STDOUT_FILENO"!
2025/02/19 (10:12:20) | ERROR: Couldn't determine terminal size of "STDOUT_FILENO"!
2025/02/19 (10:12:20) | ERROR: Couldn't determine terminal size of "STDOUT_FILENO"!
2025/02/19 (10:12:21) | ERROR: Couldn't determine terminal size of "STDOUT_FILENO"!
2025/02/19 (10:12:21) | ERROR: Couldn't determine terminal size of "STDOUT_FILENO"!
2025/02/19 (10:12:22) | ERROR: Couldn't determine terminal size of "STDOUT_FILENO"!
2025/02/19 (10:12:22) | ERROR: Couldn't determine terminal size of "STDOUT_FILENO"!
2025/02/19 (10:12:23) | ERROR: Couldn't determine terminal size of "STDOUT_FILENO"!
2025/02/19 (10:12:23) | ERROR: Couldn't determine terminal size of "STDOUT_FILENO"!
2025/02/19 (10:12:24) | ERROR: Couldn't determine terminal size of "STDOUT_FILENO"!
2025/02/19 (10:12:24) | ERROR: Exception during Config::unlock() : unordered_map::at

2025/02/19 (10:12:34) | ===> btop++ v.1.4.0
2025/02/19 (10:12:34) | WARNING: NVML: Failed to get maximum GPU power draw, defaulting to 225W: Not Supported
2025/02/19 (10:12:34) | WARNING: Intel GPU: Failed to initialize PMU

2025/02/19 (10:25:28) | ===> btop++ v.1.4.0
2025/02/19 (10:25:28) | ERROR: Couldn't determine terminal size of "STDOUT_FILENO"!
2025/02/19 (10:25:28) | ERROR: Couldn't determine terminal size of "STDOUT_FILENO"!
2025/02/19 (10:25:28) | ERROR: Couldn't determine terminal size of "STDOUT_FILENO"!
2025/02/19 (10:25:28) | WARNING: NVML: Failed to get maximum GPU power draw, defaulting to 225W: Not Supported
2025/02/19 (10:25:28) | WARNING: Intel GPU: Failed to initialize PMU
2025/02/19 (10:25:28) | ERROR: Couldn't determine terminal size of "STDOUT_FILENO"!
2025/02/19 (10:25:28) | ERROR: Couldn't determine terminal size of "STDOUT_FILENO"!
2025/02/19 (10:25:28) | ERROR: Couldn't determine terminal size of "STDOUT_FILENO"!
2025/02/19 (10:25:28) | ERROR: Couldn't determine terminal size of "STDOUT_FILENO"!
2025/02/19 (10:25:29) | ERROR: Couldn't determine terminal size of "STDOUT_FILENO"!
2025/02/19 (10:25:29) | ERROR: Couldn't determine terminal size of "STDOUT_FILENO"!
2025/02/19 (10:25:30) | ERROR: Couldn't determine terminal size of "STDOUT_FILENO"!
2025/02/19 (10:25:30) | ERROR: Couldn't determine terminal size of "STDOUT_FILENO"!
2025/02/19 (10:25:31) | ERROR: Couldn't determine terminal size of "STDOUT_FILENO"!
2025/02/19 (10:25:31) | ERROR: Couldn't determine terminal size of "STDOUT_FILENO"!
2025/02/19 (10:25:32) | ERROR: Couldn't determine terminal size of "STDOUT_FILENO"!
2025/02/19 (10:25:32) | ERROR: Couldn't determine terminal size of "STDOUT_FILENO"!
2025/02/19 (10:25:33) | ERROR: Couldn't determine terminal size of "STDOUT_FILENO"!
2025/02/19 (10:25:33) | ERROR: Couldn't determine terminal size of "STDOUT_FILENO"!
2025/02/19 (10:25:34) | ERROR: Couldn't determine terminal size of "STDOUT_FILENO"!
2025/02/19 (10:25:34) | ERROR: Couldn't determine terminal size of "STDOUT_FILENO"!
2025/02/19 (10:25:35) | ERROR: Couldn't determine terminal size of "STDOUT_FILENO"!
2025/02/19 (10:25:35) | ERROR: Couldn't determine terminal size of "STDOUT_FILENO"!
2025/02/19 (10:25:36) | ERROR: Couldn't determine terminal size of "STDOUT_FILENO"!
2025/02/19 (10:25:36) | ERROR: Couldn't determine terminal size of "STDOUT_FILENO"!
2025/02/19 (10:25:37) | ERROR: Couldn't determine terminal size of "STDOUT_FILENO"!
2025/02/19 (10:25:37) | ERROR: Couldn't determine terminal size of "STDOUT_FILENO"!
2025/02/19 (10:25:38) | ERROR: Couldn't determine terminal size of "STDOUT_FILENO"!
2025/02/19 (10:25:38) | ERROR: Couldn't determine terminal size of "STDOUT_FILENO"!
2025/02/19 (10:25:39) | ERROR: Couldn't determine terminal size of "STDOUT_FILENO"!
2025/02/19 (10:25:39) | ERROR: Couldn't determine terminal size of "STDOUT_FILENO"!
